<?xml version="1.0" encoding="UTF-8"?>
<!-- Generated by org.testng.reporters.JUnitXMLReporter -->
<testsuite ignored="0" hostname="Kiran-PC" failures="0" tests="3" name="Default test" time="3.677" errors="0" timestamp="2023-04-17T15:48:59 IST">
  <testcase classname="practice.DataProviderExcel" name="bookTickets" time="0.043"/>
  <testcase classname="practice.DataProviderExcel" name="bookTickets" time="0.002"/>
  <testcase classname="practice.DataProviderExcel" name="bookTickets" time="0.002"/>
</testsuite> <!-- Default test -->
