<?xml version="1.0" encoding="UTF-8"?>
<!-- Generated by org.testng.reporters.JUnitXMLReporter -->
<testsuite ignored="4" hostname="Kiran-PC" failures="0" tests="2" name="Testrunner1" time="0.216" errors="0" timestamp="2023-04-13T22:13:12 IST">
  <testcase classname="generic_utility.BaseClass" name="@BeforeMethod BM" time="0.019">
    <failure type="java.lang.NullPointerException" message="Cannot invoke &amp;quot;org.openqa.selenium.WebDriver.manage()&amp;quot; because &amp;quot;generic_utility.BaseClass.driver&amp;quot; is null">
      <![CDATA[java.lang.NullPointerException: Cannot invoke "org.openqa.selenium.WebDriver.manage()" because "generic_utility.BaseClass.driver" is null
at generic_utility.BaseClass.BM(BaseClass.java:63)
at java.base/java.util.ArrayList.forEach(ArrayList.java:1511)
at java.base/java.util.concurrent.FutureTask.run(FutureTask.java:264)
at java.base/java.util.concurrent.ThreadPoolExecutor.runWorker(ThreadPoolExecutor.java:1136)
at java.base/java.util.concurrent.ThreadPoolExecutor$Worker.run(ThreadPoolExecutor.java:635)
at java.base/java.lang.Thread.run(Thread.java:833)
... Removed 20 stack frames]]>
    </failure>
  </testcase> <!-- @BeforeMethod BM -->
  <testcase classname="generic_utility.BaseClass" name="@BeforeMethod BM" time="0.018">
    <failure type="java.lang.NullPointerException" message="Cannot invoke &amp;quot;org.openqa.selenium.WebDriver.manage()&amp;quot; because &amp;quot;generic_utility.BaseClass.driver&amp;quot; is null">
      <![CDATA[java.lang.NullPointerException: Cannot invoke "org.openqa.selenium.WebDriver.manage()" because "generic_utility.BaseClass.driver" is null
at generic_utility.BaseClass.BM(BaseClass.java:63)
at java.base/java.util.ArrayList.forEach(ArrayList.java:1511)
at java.base/java.util.concurrent.FutureTask.run(FutureTask.java:264)
at java.base/java.util.concurrent.ThreadPoolExecutor.runWorker(ThreadPoolExecutor.java:1136)
at java.base/java.util.concurrent.ThreadPoolExecutor$Worker.run(ThreadPoolExecutor.java:635)
at java.base/java.lang.Thread.run(Thread.java:833)
... Removed 20 stack frames]]>
    </failure>
  </testcase> <!-- @BeforeMethod BM -->
  <testcase classname="generic_utility.BaseClass" name="@AfterMethod AM" time="-1.681404191458E9">
    <skipped/>
  </testcase> <!-- @AfterMethod AM -->
  <testcase classname="generic_utility.BaseClass" name="@AfterMethod AM" time="-1.681404191465E9">
    <skipped/>
  </testcase> <!-- @AfterMethod AM -->
  <testcase classname="generic_utility.BaseClass" name="@AfterClass AC" time="-1.681404191472E9">
    <skipped/>
  </testcase> <!-- @AfterClass AC -->
  <testcase classname="generic_utility.BaseClass" name="@BeforeMethod BM" time="0.001">
    <failure type="java.lang.NullPointerException" message="Cannot invoke &amp;quot;org.openqa.selenium.WebDriver.manage()&amp;quot; because &amp;quot;generic_utility.BaseClass.driver&amp;quot; is null">
      <![CDATA[java.lang.NullPointerException: Cannot invoke "org.openqa.selenium.WebDriver.manage()" because "generic_utility.BaseClass.driver" is null
at generic_utility.BaseClass.BM(BaseClass.java:63)
at java.base/java.util.ArrayList.forEach(ArrayList.java:1511)
at java.base/java.util.concurrent.FutureTask.run(FutureTask.java:264)
at java.base/java.util.concurrent.ThreadPoolExecutor.runWorker(ThreadPoolExecutor.java:1136)
at java.base/java.util.concurrent.ThreadPoolExecutor$Worker.run(ThreadPoolExecutor.java:635)
at java.base/java.lang.Thread.run(Thread.java:833)
... Removed 20 stack frames]]>
    </failure>
  </testcase> <!-- @BeforeMethod BM -->
  <testcase classname="generic_utility.BaseClass" name="@AfterMethod AM" time="-1.681404191501E9">
    <skipped/>
  </testcase> <!-- @AfterMethod AM -->
  <testcase classname="generic_utility.BaseClass" name="@AfterClass AC" time="-1.681404191472E9">
    <skipped/>
  </testcase> <!-- @AfterClass AC -->
  <testcase classname="generic_utility.BaseClass" name="@AfterClass AC" time="-1.681404191504E9">
    <skipped/>
  </testcase> <!-- @AfterClass AC -->
  <testcase classname="campaign.CreateCampaignTest" name="createCampaign" time="0.0">
    <skipped/>
  </testcase> <!-- createCampaign -->
  <testcase classname="organization.CreateOrganizationTest" name="createOrganization" time="0.0">
    <skipped/>
  </testcase> <!-- createOrganization -->
  <testcase classname="generic_utility.BaseClass" name="@AfterTest AT" time="0.0">
    <ignored/>
  </testcase> <!-- @AfterTest AT -->
  <testcase classname="generic_utility.BaseClass" name="@BeforeTest BT" time="0.0">
    <ignored/>
  </testcase> <!-- @BeforeTest BT -->
  <testcase classname="generic_utility.BaseClass" name="@AfterSuite AS" time="0.0">
    <ignored/>
  </testcase> <!-- @AfterSuite AS -->
  <testcase classname="generic_utility.BaseClass" name="@BeforeSuite BS" time="0.0">
    <ignored/>
  </testcase> <!-- @BeforeSuite BS -->
</testsuite> <!-- Testrunner1 -->
