<?xml version="1.0" encoding="UTF-8"?>
<!-- Generated by org.testng.reporters.JUnitXMLReporter -->
<testsuite ignored="0" hostname="Kiran-PC" failures="0" tests="1" name="Testrunner3" time="0.192" errors="0" timestamp="2023-04-13T22:13:12 IST">
  <testcase classname="generic_utility.BaseClass" name="@BeforeMethod BM" time="0.018">
    <failure type="java.lang.NullPointerException" message="Cannot invoke &amp;quot;org.openqa.selenium.WebDriver.manage()&amp;quot; because &amp;quot;generic_utility.BaseClass.driver&amp;quot; is null">
      <![CDATA[java.lang.NullPointerException: Cannot invoke "org.openqa.selenium.WebDriver.manage()" because "generic_utility.BaseClass.driver" is null
at generic_utility.BaseClass.BM(BaseClass.java:63)
at java.base/java.util.ArrayList.forEach(ArrayList.java:1511)
at java.base/java.util.concurrent.FutureTask.run(FutureTask.java:264)
at java.base/java.util.concurrent.ThreadPoolExecutor.runWorker(ThreadPoolExecutor.java:1136)
at java.base/java.util.concurrent.ThreadPoolExecutor$Worker.run(ThreadPoolExecutor.java:635)
at java.base/java.lang.Thread.run(Thread.java:833)
... Removed 20 stack frames]]>
    </failure>
  </testcase> <!-- @BeforeMethod BM -->
  <testcase classname="generic_utility.BaseClass" name="@AfterMethod AM" time="-1.68140419144E9">
    <skipped/>
  </testcase> <!-- @AfterMethod AM -->
  <testcase classname="generic_utility.BaseClass" name="@AfterClass AC" time="-1.681404191477E9">
    <skipped/>
  </testcase> <!-- @AfterClass AC -->
  <testcase classname="product.CreateProductTest" name="createProduct" time="0.0">
    <skipped/>
  </testcase> <!-- createProduct -->
</testsuite> <!-- Testrunner3 -->
